Traceback (most recent call last):
  File "/zhome/08/3/117881/.local/lib/python3.6/site-packages/pandas/core/construction.py", line 558, in _try_cast
    subarr = maybe_cast_to_datetime(arr, dtype)
  File "/zhome/08/3/117881/.local/lib/python3.6/site-packages/pandas/core/dtypes/cast.py", line 1443, in maybe_cast_to_datetime
    value = maybe_infer_to_datetimelike(value)
  File "/zhome/08/3/117881/.local/lib/python3.6/site-packages/pandas/core/dtypes/cast.py", line 1231, in maybe_infer_to_datetimelike
    v = np.array(v, copy=False)
  File "/zhome/08/3/117881/.local/lib/python3.6/site-packages/torch/tensor.py", line 630, in __array__
    return self.numpy()
TypeError: can't convert cuda:0 device type tensor to numpy. Use Tensor.cpu() to copy the tensor to host memory first.

During handling of the above exception, another exception occurred:

Traceback (most recent call last):
  File "main.py", line 94, in <module>
    temp = pd.DataFrame({'pred': pred, 'label': collect[key]['label'].numpy()}, index = [key])
  File "/zhome/08/3/117881/.local/lib/python3.6/site-packages/pandas/core/frame.py", line 468, in __init__
    mgr = init_dict(data, index, columns, dtype=dtype)
  File "/zhome/08/3/117881/.local/lib/python3.6/site-packages/pandas/core/internals/construction.py", line 283, in init_dict
    return arrays_to_mgr(arrays, data_names, index, columns, dtype=dtype)
  File "/zhome/08/3/117881/.local/lib/python3.6/site-packages/pandas/core/internals/construction.py", line 83, in arrays_to_mgr
    arrays = _homogenize(arrays, index, dtype)
  File "/zhome/08/3/117881/.local/lib/python3.6/site-packages/pandas/core/internals/construction.py", line 352, in _homogenize
    val, index, dtype=dtype, copy=False, raise_cast_failure=False
  File "/zhome/08/3/117881/.local/lib/python3.6/site-packages/pandas/core/construction.py", line 463, in sanitize_array
    subarr = _try_cast(data, dtype, copy, raise_cast_failure)
  File "/zhome/08/3/117881/.local/lib/python3.6/site-packages/pandas/core/construction.py", line 576, in _try_cast
    subarr = np.array(arr, dtype=object, copy=copy)
  File "/zhome/08/3/117881/.local/lib/python3.6/site-packages/torch/tensor.py", line 632, in __array__
    return self.numpy().astype(dtype, copy=False)
TypeError: can't convert cuda:0 device type tensor to numpy. Use Tensor.cpu() to copy the tensor to host memory first.
